19:38:01.074 Got a kill message. Killing runner.
19:38:05.078 Killing runner with PID:4504 forcefully
19:42:40.829 Checking updates...
19:43:00.161 Error Message: java.lang.IllegalStateException: The driver executable does not exist: /home/moon/Javaspace/BookingTestProject/C:\Javaspace\Selenium\chromedriver.exe
19:43:00.161 Stacktrace: 
com.google.common.base.Preconditions.checkState(Preconditions.java:177)
org.openqa.selenium.remote.service.DriverService.checkExecutable(DriverService.java:121)
org.openqa.selenium.remote.service.DriverService.findExecutable(DriverService.java:116)
org.openqa.selenium.chrome.ChromeDriverService.access$000(ChromeDriverService.java:32)
org.openqa.selenium.chrome.ChromeDriverService$Builder.findDefaultExecutable(ChromeDriverService.java:137)
org.openqa.selenium.remote.service.DriverService$Builder.build(DriverService.java:296)
org.openqa.selenium.chrome.ChromeDriverService.createDefaultService(ChromeDriverService.java:88)
org.openqa.selenium.chrome.ChromeDriver.<init>(ChromeDriver.java:116)
DriverFactory.getDriver(DriverFactory.java:36)
Driver.initializeDriver(Driver.java:18)
sun.reflect.NativeMethodAccessorImpl.invoke0(Native Method)
sun.reflect.NativeMethodAccessorImpl.invoke(NativeMethodAccessorImpl.java:62)
sun.reflect.DelegatingMethodAccessorImpl.invoke(DelegatingMethodAccessorImpl.java:43)
java.lang.reflect.Method.invoke(Method.java:498)
com.thoughtworks.gauge.execution.MethodExecutor.execute(MethodExecutor.java:31)
com.thoughtworks.gauge.execution.HooksExecutor$TaggedHookExecutor.executeHook(HooksExecutor.java:98)
com.thoughtworks.gauge.execution.HooksExecutor$TaggedHookExecutor.execute(HooksExecutor.java:84)
com.thoughtworks.gauge.execution.HooksExecutor.execute(HooksExecutor.java:41)
com.thoughtworks.gauge.processor.MethodExecutionMessageProcessor.executeHooks(MethodExecutionMessageProcessor.java:55)
com.thoughtworks.gauge.processor.SuiteExecutionStartingProcessor.process(SuiteExecutionStartingProcessor.java:26)
com.thoughtworks.gauge.connection.MessageDispatcher.dispatchMessages(MessageDispatcher.java:72)
com.thoughtworks.gauge.GaugeRuntime.main(GaugeRuntime.java:37)
19:43:01.406 Error Message: java.lang.NullPointerException
19:43:01.406 Stacktrace: 
Driver.closeDriver(Driver.java:25)
sun.reflect.NativeMethodAccessorImpl.invoke0(Native Method)
sun.reflect.NativeMethodAccessorImpl.invoke(NativeMethodAccessorImpl.java:62)
sun.reflect.DelegatingMethodAccessorImpl.invoke(DelegatingMethodAccessorImpl.java:43)
java.lang.reflect.Method.invoke(Method.java:498)
com.thoughtworks.gauge.execution.MethodExecutor.execute(MethodExecutor.java:31)
com.thoughtworks.gauge.execution.HooksExecutor$TaggedHookExecutor.executeHook(HooksExecutor.java:98)
com.thoughtworks.gauge.execution.HooksExecutor$TaggedHookExecutor.execute(HooksExecutor.java:84)
com.thoughtworks.gauge.execution.HooksExecutor.execute(HooksExecutor.java:41)
com.thoughtworks.gauge.processor.MethodExecutionMessageProcessor.executeHooks(MethodExecutionMessageProcessor.java:55)
com.thoughtworks.gauge.processor.SuiteExecutionEndingProcessor.process(SuiteExecutionEndingProcessor.java:26)
com.thoughtworks.gauge.connection.MessageDispatcher.dispatchMessages(MessageDispatcher.java:72)
com.thoughtworks.gauge.GaugeRuntime.main(GaugeRuntime.java:37)
19:43:01.611 Plugin [Html Report] with pid [5600] has exited
19:43:01.713 Specifications:	0 executed	0 passed	0 failed	0 skipped
19:43:01.713 Scenarios:	0 executed	0 passed	0 failed	0 skipped
19:43:01.713 
Total time taken: 2.912s
19:43:29.791 Checking updates...
19:44:36.778 Error Message: org.openqa.selenium.WebDriverException: Failed to connect to binary FirefoxBinary(/usr/bin/firefox) on port 7055; process output follows: 
null,"icon64URL":null,"defaultLocale":{"name":"Default","description":"The default theme.","creator":"Mozilla","homepageURL":null,"contributors":["Mozilla Contributors"]},"visible":true,"active":true,"userDisabled":false,"appDisabled":false,"descriptor":"/usr/lib/firefox/browser/extensions/{972ce4c6-7e08-4474-a285-3208198ce6fd}.xpi","installDate":1461946148000,"updateDate":1461946148000,"applyBackgroundUpdates":1,"skinnable":true,"size":5022,"sourceURI":null,"releaseNotesURI":null,"softDisabled":false,"foreignInstall":false,"hasBinaryComponents":false,"strictCompatibility":true,"locales":[],"targetApplications":[{"id":"{ec8030f7-c20a-464f-9b0e-13a3a9e97384}","minVersion":"46.0","maxVersion":"46.0"}],"targetPlatforms":[],"seen":true}
1463071431101	addons.xpi	DEBUG	getModTime: Recursive scan of {972ce4c6-7e08-4474-a285-3208198ce6fd}
1463071431109	DeferredSave.extensions.json	DEBUG	Save changes
1463071431110	addons.xpi	DEBUG	Updating database with changes to installed add-ons
1463071431110	addons.xpi-utils	DEBUG	Updating add-on states
1463071431116	addons.xpi-utils	DEBUG	Writing add-ons list
1463071431121	addons.xpi	DEBUG	Registering manifest for /usr/lib/firefox/browser/features/loop@mozilla.org.xpi
1463071431123	addons.xpi	DEBUG	Calling bootstrap method startup on loop@mozilla.org version 1.2.6
1463071431219	addons.xpi	DEBUG	Registering manifest for /usr/lib/firefox/browser/features/e10srollout@mozilla.org.xpi
1463071431221	addons.xpi	DEBUG	Calling bootstrap method startup on e10srollout@mozilla.org version 1.0
1463071431222	addons.xpi	DEBUG	Registering manifest for /usr/lib/firefox/browser/features/firefox@getpocket.com.xpi
1463071431224	addons.xpi	DEBUG	Calling bootstrap method startup on firefox@getpocket.com version 1.0
1463071431229	addons.xpi	DEBUG	Registering manifest for /usr/lib/firefox/browser/extensions/langpack-en-ZA@firefox.mozilla.org.xpi
1463071431235	addons.xpi	DEBUG	Registering manifest for /usr/lib/firefox/browser/extensions/langpack-en-GB@firefox.mozilla.org.xpi
1463071431253	addons.manager	DEBUG	Registering shutdown blocker for XPIProvider
1463071431254	addons.manager	DEBUG	Provider finished startup: XPIProvider
1463071431255	addons.manager	DEBUG	Starting provider: LightweightThemeManager
1463071431255	addons.manager	DEBUG	Registering shutdown blocker for LightweightThemeManager
1463071431256	addons.manager	DEBUG	Provider finished startup: LightweightThemeManager
1463071431258	addons.manager	DEBUG	Starting provider: GMPProvider
1463071431282	addons.manager	DEBUG	Registering shutdown blocker for GMPProvider
1463071431284	addons.manager	DEBUG	Provider finished startup: GMPProvider
1463071431284	addons.manager	DEBUG	Starting provider: PluginProvider
1463071431286	addons.manager	DEBUG	Registering shutdown blocker for PluginProvider
1463071431287	addons.manager	DEBUG	Provider finished startup: PluginProvider
1463071431290	addons.manager	DEBUG	Completed startup sequence
1463071432485	addons.manager	DEBUG	Starting provider: <unnamed-provider>
1463071432485	addons.manager	DEBUG	Registering shutdown blocker for <unnamed-provider>
1463071432487	addons.manager	DEBUG	Provider finished startup: <unnamed-provider>
1463071433115	DeferredSave.extensions.json	DEBUG	Write succeeded
1463071433116	addons.xpi-utils	DEBUG	XPI Database saved, setting schema version preference to 17
1463071433117	DeferredSave.extensions.json	DEBUG	Starting timer
1463071433145	DeferredSave.extensions.json	DEBUG	Starting write
1463071433179	addons.repository	DEBUG	No addons.json found.
1463071433181	DeferredSave.addons.json	DEBUG	Save changes
1463071433190	DeferredSave.addons.json	DEBUG	Starting timer
1463071433288	addons.manager	DEBUG	Starting provider: PreviousExperimentProvider
1463071433288	addons.manager	DEBUG	Registering shutdown blocker for PreviousExperimentProvider
1463071433289	addons.manager	DEBUG	Provider finished startup: PreviousExperimentProvider
1463071433304	DeferredSave.addons.json	DEBUG	Starting write
1463071433325	DeferredSave.extensions.json	DEBUG	Write succeeded
1463071433391	DeferredSave.addons.json	DEBUG	Write succeeded

Build info: version: '2.48.2', revision: '41bccdd10cf2c0560f637404c2d96164b67d9d67', time: '2015-10-09 13:08:06'
System info: host: 'boq', ip: '127.0.1.1', os.name: 'Linux', os.arch: 'amd64', os.version: '3.19.0-32-generic', java.version: '1.8.0_91'
Driver info: driver.version: Driver
19:44:36.779 Stacktrace: 
org.openqa.selenium.firefox.internal.NewProfileExtensionConnection.start(NewProfileExtensionConnection.java:135)
org.openqa.selenium.firefox.FirefoxDriver.startClient(FirefoxDriver.java:271)
org.openqa.selenium.remote.RemoteWebDriver.<init>(RemoteWebDriver.java:117)
org.openqa.selenium.firefox.FirefoxDriver.<init>(FirefoxDriver.java:216)
org.openqa.selenium.firefox.FirefoxDriver.<init>(FirefoxDriver.java:211)
org.openqa.selenium.firefox.FirefoxDriver.<init>(FirefoxDriver.java:207)
org.openqa.selenium.firefox.FirefoxDriver.<init>(FirefoxDriver.java:120)
DriverFactory.getDriver(DriverFactory.java:27)
Driver.initializeDriver(Driver.java:18)
sun.reflect.NativeMethodAccessorImpl.invoke0(Native Method)
sun.reflect.NativeMethodAccessorImpl.invoke(NativeMethodAccessorImpl.java:62)
sun.reflect.DelegatingMethodAccessorImpl.invoke(DelegatingMethodAccessorImpl.java:43)
java.lang.reflect.Method.invoke(Method.java:498)
com.thoughtworks.gauge.execution.MethodExecutor.execute(MethodExecutor.java:31)
com.thoughtworks.gauge.execution.HooksExecutor$TaggedHookExecutor.executeHook(HooksExecutor.java:98)
com.thoughtworks.gauge.execution.HooksExecutor$TaggedHookExecutor.execute(HooksExecutor.java:84)
com.thoughtworks.gauge.execution.HooksExecutor.execute(HooksExecutor.java:41)
com.thoughtworks.gauge.processor.MethodExecutionMessageProcessor.executeHooks(MethodExecutionMessageProcessor.java:55)
com.thoughtworks.gauge.processor.SuiteExecutionStartingProcessor.process(SuiteExecutionStartingProcessor.java:26)
com.thoughtworks.gauge.connection.MessageDispatcher.dispatchMessages(MessageDispatcher.java:72)
com.thoughtworks.gauge.GaugeRuntime.main(GaugeRuntime.java:37)
19:44:37.926 Error Message: java.lang.NullPointerException
19:44:37.926 Stacktrace: 
Driver.closeDriver(Driver.java:25)
sun.reflect.NativeMethodAccessorImpl.invoke0(Native Method)
sun.reflect.NativeMethodAccessorImpl.invoke(NativeMethodAccessorImpl.java:62)
sun.reflect.DelegatingMethodAccessorImpl.invoke(DelegatingMethodAccessorImpl.java:43)
java.lang.reflect.Method.invoke(Method.java:498)
com.thoughtworks.gauge.execution.MethodExecutor.execute(MethodExecutor.java:31)
com.thoughtworks.gauge.execution.HooksExecutor$TaggedHookExecutor.executeHook(HooksExecutor.java:98)
com.thoughtworks.gauge.execution.HooksExecutor$TaggedHookExecutor.execute(HooksExecutor.java:84)
com.thoughtworks.gauge.execution.HooksExecutor.execute(HooksExecutor.java:41)
com.thoughtworks.gauge.processor.MethodExecutionMessageProcessor.executeHooks(MethodExecutionMessageProcessor.java:55)
com.thoughtworks.gauge.processor.SuiteExecutionEndingProcessor.process(SuiteExecutionEndingProcessor.java:26)
com.thoughtworks.gauge.connection.MessageDispatcher.dispatchMessages(MessageDispatcher.java:72)
com.thoughtworks.gauge.GaugeRuntime.main(GaugeRuntime.java:37)
19:44:38.040 Plugin [Html Report] with pid [5687] has exited
19:44:38.142 Specifications:	0 executed	0 passed	0 failed	0 skipped
19:44:38.142 Scenarios:	0 executed	0 passed	0 failed	0 skipped
19:44:38.142 
Total time taken: 53.291s
19:48:51.681 Checking updates...
19:49:15.635 # Technical test Specification
19:49:15.650 ## Check Booking.com simple search
19:49:15.656 * Navigate to "http://www.booking.com"
19:49:23.916 * Choose EN-US language
19:49:29.033 * Check EN-US language
19:49:30.023 * Choose USD currency
19:49:35.542 * The currency title should show "US$" as result
19:49:36.953 * Set destination to "New York City"
19:49:40.028 * Set Check-In date to " 3" of "September 2016"
19:49:46.194 * Set Check-Out date to " 7" of "September 2016"
19:49:56.199 * Choose Traveling for Work
19:49:56.730 * Set Rooms to "1"
19:49:57.133 * Set Adults to "1"
19:49:57.784 * Do search
19:50:08.604 * Check search for "New York City"
19:50:15.687 Plugin [Html Report] with pid [6085] has exited
19:50:15.991 Specifications:	1 executed	1 passed	0 failed	0 skipped
19:50:15.991 Scenarios:	1 executed	1 passed	0 failed	0 skipped
19:50:15.991 
Total time taken: 1m8.473s
14:01:28.977 Got a kill message. Killing runner.
14:01:32.984 Killing runner with PID:5557 forcefully
14:58:26.361 Got a kill message. Killing runner.
14:58:30.364 Killing runner with PID:8090 forcefully
15:03:55.945 Checking updates...
15:04:20.825 # Technical test Specification
15:04:20.839 ## Check Booking.com simple search
15:04:20.861 * Navigate to "http://www.booking.com"
15:04:29.872 * Choose EN-US language
15:04:34.680 * Check EN-US language
15:04:37.578 
Failed Step: Check EN-US language
15:04:37.578 Error Message: org.junit.ComparisonFailure: expected:<[]> but was:<[ZOVLAFFHJCdCEaXCfAOBRUDTbfZZbHe]>
15:04:37.578 Stacktrace: 
org.junit.Assert.assertEquals(Assert.java:115)
org.junit.Assert.assertEquals(Assert.java:144)
BookingTest.verifyENUSLanguage(BookingTest.java:40)
sun.reflect.NativeMethodAccessorImpl.invoke0(Native Method)
sun.reflect.NativeMethodAccessorImpl.invoke(NativeMethodAccessorImpl.java:62)
sun.reflect.DelegatingMethodAccessorImpl.invoke(DelegatingMethodAccessorImpl.java:43)
java.lang.reflect.Method.invoke(Method.java:498)
com.thoughtworks.gauge.execution.MethodExecutor.execute(MethodExecutor.java:31)
com.thoughtworks.gauge.execution.StepExecutionStage.executeStepMethod(StepExecutionStage.java:96)
com.thoughtworks.gauge.execution.StepExecutionStage.executeStep(StepExecutionStage.java:77)
com.thoughtworks.gauge.execution.StepExecutionStage.execute(StepExecutionStage.java:58)
com.thoughtworks.gauge.execution.AbstractExecutionStage.executeNext(AbstractExecutionStage.java:24)
com.thoughtworks.gauge.execution.HookExecutionStage.execute(HookExecutionStage.java:42)
com.thoughtworks.gauge.execution.ExecutionPipeline.start(ExecutionPipeline.java:31)
com.thoughtworks.gauge.processor.ExecuteStepProcessor.process(ExecuteStepProcessor.java:34)
com.thoughtworks.gauge.connection.MessageDispatcher.dispatchMessages(MessageDispatcher.java:72)
com.thoughtworks.gauge.GaugeRuntime.main(GaugeRuntime.java:37)
15:04:38.006 Plugin [Html Report] with pid [8371] has exited
15:04:38.312 Specifications:	1 executed	0 passed	1 failed	0 skipped
15:04:38.312 Scenarios:	1 executed	0 passed	1 failed	0 skipped
15:04:38.312 
Total time taken: 25.525s
15:10:30.218 Checking updates...
15:10:53.543 # Technical test Specification
15:10:53.547 ## Check Booking.com simple search
15:10:53.551 * Navigate to "http://www.booking.com"
15:11:01.444 * Choose EN-US language
15:11:08.918 
Failed Step: Choose EN-US language
15:11:08.918 Error Message: org.openqa.selenium.StaleElementReferenceException: stale element reference: element is not attached to the page document
  (Session info: chrome=50.0.2661.102)
  (Driver info: chromedriver=2.21.371461 (633e689b520b25f3e264a2ede6b74ccc23cb636a),platform=Linux 3.19.0-32-generic x86_64) (WARNING: The server did not provide any stacktrace information)
Command duration or timeout: 439 milliseconds
For documentation on this error, please visit: http://seleniumhq.org/exceptions/stale_element_reference.html
Build info: version: '2.48.2', revision: '41bccdd10cf2c0560f637404c2d96164b67d9d67', time: '2015-10-09 13:08:06'
System info: host: 'boq', ip: '127.0.1.1', os.name: 'Linux', os.arch: 'amd64', os.version: '3.19.0-32-generic', java.version: '1.8.0_91'
Driver info: org.openqa.selenium.chrome.ChromeDriver
Capabilities [{applicationCacheEnabled=false, rotatable=false, mobileEmulationEnabled=false, chrome={chromedriverVersion=2.21.371461 (633e689b520b25f3e264a2ede6b74ccc23cb636a), userDataDir=/tmp/.com.google.Chrome.sPDJso}, takesHeapSnapshot=true, databaseEnabled=false, handlesAlerts=true, hasTouchScreen=false, version=50.0.2661.102, platform=LINUX, browserConnectionEnabled=false, nativeEvents=true, acceptSslCerts=true, locationContextEnabled=true, webStorageEnabled=true, browserName=chrome, takesScreenshot=true, javascriptEnabled=true, cssSelectorsEnabled=true}]
Session ID: d3b825151d69bb2ce3f4d0551e9bc97c
15:11:08.919 Stacktrace: 
sun.reflect.NativeConstructorAccessorImpl.newInstance0(Native Method)
sun.reflect.NativeConstructorAccessorImpl.newInstance(NativeConstructorAccessorImpl.java:62)
sun.reflect.DelegatingConstructorAccessorImpl.newInstance(DelegatingConstructorAccessorImpl.java:45)
java.lang.reflect.Constructor.newInstance(Constructor.java:423)
org.openqa.selenium.remote.ErrorHandler.createThrowable(ErrorHandler.java:206)
org.openqa.selenium.remote.ErrorHandler.throwIfResponseFailed(ErrorHandler.java:158)
org.openqa.selenium.remote.RemoteWebDriver.execute(RemoteWebDriver.java:647)
org.openqa.selenium.remote.RemoteWebElement.execute(RemoteWebElement.java:326)
org.openqa.selenium.remote.RemoteWebElement.getAttribute(RemoteWebElement.java:149)
BookingTest.chooseENUSLanguage(BookingTest.java:34)
sun.reflect.NativeMethodAccessorImpl.invoke0(Native Method)
sun.reflect.NativeMethodAccessorImpl.invoke(NativeMethodAccessorImpl.java:62)
sun.reflect.DelegatingMethodAccessorImpl.invoke(DelegatingMethodAccessorImpl.java:43)
java.lang.reflect.Method.invoke(Method.java:498)
com.thoughtworks.gauge.execution.MethodExecutor.execute(MethodExecutor.java:31)
com.thoughtworks.gauge.execution.StepExecutionStage.executeStepMethod(StepExecutionStage.java:96)
com.thoughtworks.gauge.execution.StepExecutionStage.executeStep(StepExecutionStage.java:77)
com.thoughtworks.gauge.execution.StepExecutionStage.execute(StepExecutionStage.java:58)
com.thoughtworks.gauge.execution.AbstractExecutionStage.executeNext(AbstractExecutionStage.java:24)
com.thoughtworks.gauge.execution.HookExecutionStage.execute(HookExecutionStage.java:42)
com.thoughtworks.gauge.execution.ExecutionPipeline.start(ExecutionPipeline.java:31)
com.thoughtworks.gauge.processor.ExecuteStepProcessor.process(ExecuteStepProcessor.java:34)
com.thoughtworks.gauge.connection.MessageDispatcher.dispatchMessages(MessageDispatcher.java:72)
com.thoughtworks.gauge.GaugeRuntime.main(GaugeRuntime.java:37)
15:11:09.296 Plugin [Html Report] with pid [8739] has exited
15:11:09.704 Specifications:	1 executed	0 passed	1 failed	0 skipped
15:11:09.704 Scenarios:	1 executed	0 passed	1 failed	0 skipped
15:11:09.704 
Total time taken: 24.126s
15:14:25.384 Checking updates...
15:14:48.516 # Technical test Specification
15:14:48.523 ## Check Booking.com simple search
15:14:48.527 * Navigate to "http://www.booking.com"
15:14:56.626 * Choose EN-US language
15:15:04.228 
Failed Step: Choose EN-US language
15:15:04.228 Error Message: org.openqa.selenium.StaleElementReferenceException: stale element reference: element is not attached to the page document
  (Session info: chrome=50.0.2661.102)
  (Driver info: chromedriver=2.21.371461 (633e689b520b25f3e264a2ede6b74ccc23cb636a),platform=Linux 3.19.0-32-generic x86_64) (WARNING: The server did not provide any stacktrace information)
Command duration or timeout: 1.44 seconds
For documentation on this error, please visit: http://seleniumhq.org/exceptions/stale_element_reference.html
Build info: version: '2.48.2', revision: '41bccdd10cf2c0560f637404c2d96164b67d9d67', time: '2015-10-09 13:08:06'
System info: host: 'boq', ip: '127.0.1.1', os.name: 'Linux', os.arch: 'amd64', os.version: '3.19.0-32-generic', java.version: '1.8.0_91'
Driver info: org.openqa.selenium.chrome.ChromeDriver
Capabilities [{applicationCacheEnabled=false, rotatable=false, mobileEmulationEnabled=false, chrome={chromedriverVersion=2.21.371461 (633e689b520b25f3e264a2ede6b74ccc23cb636a), userDataDir=/tmp/.com.google.Chrome.aLBy6X}, takesHeapSnapshot=true, databaseEnabled=false, handlesAlerts=true, hasTouchScreen=false, version=50.0.2661.102, platform=LINUX, browserConnectionEnabled=false, nativeEvents=true, acceptSslCerts=true, locationContextEnabled=true, webStorageEnabled=true, browserName=chrome, takesScreenshot=true, javascriptEnabled=true, cssSelectorsEnabled=true}]
Session ID: 2574bece2bd15402aeb5adfa4d52b316
15:15:04.229 Stacktrace: 
sun.reflect.NativeConstructorAccessorImpl.newInstance0(Native Method)
sun.reflect.NativeConstructorAccessorImpl.newInstance(NativeConstructorAccessorImpl.java:62)
sun.reflect.DelegatingConstructorAccessorImpl.newInstance(DelegatingConstructorAccessorImpl.java:45)
java.lang.reflect.Constructor.newInstance(Constructor.java:423)
org.openqa.selenium.remote.ErrorHandler.createThrowable(ErrorHandler.java:206)
org.openqa.selenium.remote.ErrorHandler.throwIfResponseFailed(ErrorHandler.java:158)
org.openqa.selenium.remote.RemoteWebDriver.execute(RemoteWebDriver.java:647)
org.openqa.selenium.remote.RemoteWebElement.execute(RemoteWebElement.java:326)
org.openqa.selenium.remote.RemoteWebElement.getAttribute(RemoteWebElement.java:149)
BookingTest.chooseENUSLanguage(BookingTest.java:35)
sun.reflect.NativeMethodAccessorImpl.invoke0(Native Method)
sun.reflect.NativeMethodAccessorImpl.invoke(NativeMethodAccessorImpl.java:62)
sun.reflect.DelegatingMethodAccessorImpl.invoke(DelegatingMethodAccessorImpl.java:43)
java.lang.reflect.Method.invoke(Method.java:498)
com.thoughtworks.gauge.execution.MethodExecutor.execute(MethodExecutor.java:31)
com.thoughtworks.gauge.execution.StepExecutionStage.executeStepMethod(StepExecutionStage.java:96)
com.thoughtworks.gauge.execution.StepExecutionStage.executeStep(StepExecutionStage.java:77)
com.thoughtworks.gauge.execution.StepExecutionStage.execute(StepExecutionStage.java:58)
com.thoughtworks.gauge.execution.AbstractExecutionStage.executeNext(AbstractExecutionStage.java:24)
com.thoughtworks.gauge.execution.HookExecutionStage.execute(HookExecutionStage.java:42)
com.thoughtworks.gauge.execution.ExecutionPipeline.start(ExecutionPipeline.java:31)
com.thoughtworks.gauge.processor.ExecuteStepProcessor.process(ExecuteStepProcessor.java:34)
com.thoughtworks.gauge.connection.MessageDispatcher.dispatchMessages(MessageDispatcher.java:72)
com.thoughtworks.gauge.GaugeRuntime.main(GaugeRuntime.java:37)
15:15:04.564 Plugin [Html Report] with pid [9028] has exited
15:15:04.966 Specifications:	1 executed	0 passed	1 failed	0 skipped
15:15:04.966 Scenarios:	1 executed	0 passed	1 failed	0 skipped
15:15:04.966 
Total time taken: 24.688s
15:20:04.651 Checking updates...
15:20:26.871 # Technical test Specification
15:20:26.876 ## Check Booking.com simple search
15:20:26.879 * Navigate to "http://www.booking.com"
15:20:35.020 * Set EN-US language
15:20:46.877 
Failed Step: Set EN-US language
15:20:46.877 Error Message: java.lang.IllegalMonitorStateException
15:20:46.877 Stacktrace: 
java.lang.Object.wait(Native Method)
java.lang.Object.wait(Object.java:502)
BookingTest.chooseENUSLanguage(BookingTest.java:35)
sun.reflect.NativeMethodAccessorImpl.invoke0(Native Method)
sun.reflect.NativeMethodAccessorImpl.invoke(NativeMethodAccessorImpl.java:62)
sun.reflect.DelegatingMethodAccessorImpl.invoke(DelegatingMethodAccessorImpl.java:43)
java.lang.reflect.Method.invoke(Method.java:498)
com.thoughtworks.gauge.execution.MethodExecutor.execute(MethodExecutor.java:31)
com.thoughtworks.gauge.execution.StepExecutionStage.executeStepMethod(StepExecutionStage.java:96)
com.thoughtworks.gauge.execution.StepExecutionStage.executeStep(StepExecutionStage.java:77)
com.thoughtworks.gauge.execution.StepExecutionStage.execute(StepExecutionStage.java:58)
com.thoughtworks.gauge.execution.AbstractExecutionStage.executeNext(AbstractExecutionStage.java:24)
com.thoughtworks.gauge.execution.HookExecutionStage.execute(HookExecutionStage.java:42)
com.thoughtworks.gauge.execution.ExecutionPipeline.start(ExecutionPipeline.java:31)
com.thoughtworks.gauge.processor.ExecuteStepProcessor.process(ExecuteStepProcessor.java:34)
com.thoughtworks.gauge.connection.MessageDispatcher.dispatchMessages(MessageDispatcher.java:72)
com.thoughtworks.gauge.GaugeRuntime.main(GaugeRuntime.java:37)
15:20:47.301 Plugin [Html Report] with pid [9351] has exited
15:20:47.603 Specifications:	1 executed	0 passed	1 failed	0 skipped
15:20:47.603 Scenarios:	1 executed	0 passed	1 failed	0 skipped
15:20:47.603 
Total time taken: 28.33s
15:21:51.626 Checking updates...
15:22:17.111 # Technical test Specification
15:22:17.116 ## Check Booking.com simple search
15:22:17.120 * Navigate to "http://www.booking.com"
15:22:25.297 * Set EN-US language
15:22:32.428 
Failed Step: Set EN-US language
15:22:32.428 Error Message: java.lang.IllegalMonitorStateException
15:22:32.428 Stacktrace: 
java.lang.Object.wait(Native Method)
BookingTest.chooseENUSLanguage(BookingTest.java:35)
sun.reflect.NativeMethodAccessorImpl.invoke0(Native Method)
sun.reflect.NativeMethodAccessorImpl.invoke(NativeMethodAccessorImpl.java:62)
sun.reflect.DelegatingMethodAccessorImpl.invoke(DelegatingMethodAccessorImpl.java:43)
java.lang.reflect.Method.invoke(Method.java:498)
com.thoughtworks.gauge.execution.MethodExecutor.execute(MethodExecutor.java:31)
com.thoughtworks.gauge.execution.StepExecutionStage.executeStepMethod(StepExecutionStage.java:96)
com.thoughtworks.gauge.execution.StepExecutionStage.executeStep(StepExecutionStage.java:77)
com.thoughtworks.gauge.execution.StepExecutionStage.execute(StepExecutionStage.java:58)
com.thoughtworks.gauge.execution.AbstractExecutionStage.executeNext(AbstractExecutionStage.java:24)
com.thoughtworks.gauge.execution.HookExecutionStage.execute(HookExecutionStage.java:42)
com.thoughtworks.gauge.execution.ExecutionPipeline.start(ExecutionPipeline.java:31)
com.thoughtworks.gauge.processor.ExecuteStepProcessor.process(ExecuteStepProcessor.java:34)
com.thoughtworks.gauge.connection.MessageDispatcher.dispatchMessages(MessageDispatcher.java:72)
com.thoughtworks.gauge.GaugeRuntime.main(GaugeRuntime.java:37)
15:22:32.772 Plugin [Html Report] with pid [9600] has exited
15:22:33.074 Specifications:	1 executed	0 passed	1 failed	0 skipped
15:22:33.074 Scenarios:	1 executed	0 passed	1 failed	0 skipped
15:22:33.074 
Total time taken: 23.264s
15:23:44.744 Checking updates...
15:24:08.339 # Technical test Specification
15:24:08.343 ## Check Booking.com simple search
15:24:08.346 * Navigate to "http://www.booking.com"
15:24:16.358 * Set EN-US language
15:24:24.424 
Failed Step: Set EN-US language
15:24:24.427 Error Message: org.junit.ComparisonFailure: expected:<[]> but was:<[ZOVLAFFHJCdCEaXCfAOBRUDTbfZZbHe]>
15:24:24.427 Stacktrace: 
org.junit.Assert.assertEquals(Assert.java:115)
org.junit.Assert.assertEquals(Assert.java:144)
BookingTest.chooseENUSLanguage(BookingTest.java:37)
sun.reflect.NativeMethodAccessorImpl.invoke0(Native Method)
sun.reflect.NativeMethodAccessorImpl.invoke(NativeMethodAccessorImpl.java:62)
sun.reflect.DelegatingMethodAccessorImpl.invoke(DelegatingMethodAccessorImpl.java:43)
java.lang.reflect.Method.invoke(Method.java:498)
com.thoughtworks.gauge.execution.MethodExecutor.execute(MethodExecutor.java:31)
com.thoughtworks.gauge.execution.StepExecutionStage.executeStepMethod(StepExecutionStage.java:96)
com.thoughtworks.gauge.execution.StepExecutionStage.executeStep(StepExecutionStage.java:77)
com.thoughtworks.gauge.execution.StepExecutionStage.execute(StepExecutionStage.java:58)
com.thoughtworks.gauge.execution.AbstractExecutionStage.executeNext(AbstractExecutionStage.java:24)
com.thoughtworks.gauge.execution.HookExecutionStage.execute(HookExecutionStage.java:42)
com.thoughtworks.gauge.execution.ExecutionPipeline.start(ExecutionPipeline.java:31)
com.thoughtworks.gauge.processor.ExecuteStepProcessor.process(ExecuteStepProcessor.java:34)
com.thoughtworks.gauge.connection.MessageDispatcher.dispatchMessages(MessageDispatcher.java:72)
com.thoughtworks.gauge.GaugeRuntime.main(GaugeRuntime.java:37)
15:24:24.961 Plugin [Html Report] with pid [9838] has exited
15:24:25.363 Specifications:	1 executed	0 passed	1 failed	0 skipped
15:24:25.364 Scenarios:	1 executed	0 passed	1 failed	0 skipped
15:24:25.364 
Total time taken: 24.616s
15:25:08.441 Checking updates...
15:25:33.451 # Technical test Specification
15:25:33.463 ## Check Booking.com simple search
15:25:33.467 * Navigate to "http://www.booking.com"
15:25:41.486 * Set EN-US language
15:26:37.315 
Failed Step: Set EN-US language
15:26:37.315 Error Message: org.junit.ComparisonFailure: expected:<[]> but was:<[ZOVLAFFHJCdCEaXCfAOBRUDTbfZZbHe]>
15:26:37.315 Stacktrace: 
org.junit.Assert.assertEquals(Assert.java:115)
org.junit.Assert.assertEquals(Assert.java:144)
BookingTest.chooseENUSLanguage(BookingTest.java:37)
sun.reflect.NativeMethodAccessorImpl.invoke0(Native Method)
sun.reflect.NativeMethodAccessorImpl.invoke(NativeMethodAccessorImpl.java:62)
sun.reflect.DelegatingMethodAccessorImpl.invoke(DelegatingMethodAccessorImpl.java:43)
java.lang.reflect.Method.invoke(Method.java:498)
com.thoughtworks.gauge.execution.MethodExecutor.execute(MethodExecutor.java:31)
com.thoughtworks.gauge.execution.StepExecutionStage.executeStepMethod(StepExecutionStage.java:96)
com.thoughtworks.gauge.execution.StepExecutionStage.executeStep(StepExecutionStage.java:77)
com.thoughtworks.gauge.execution.StepExecutionStage.execute(StepExecutionStage.java:58)
com.thoughtworks.gauge.execution.AbstractExecutionStage.executeNext(AbstractExecutionStage.java:24)
com.thoughtworks.gauge.execution.HookExecutionStage.execute(HookExecutionStage.java:42)
com.thoughtworks.gauge.execution.ExecutionPipeline.start(ExecutionPipeline.java:31)
com.thoughtworks.gauge.processor.ExecuteStepProcessor.process(ExecuteStepProcessor.java:34)
com.thoughtworks.gauge.connection.MessageDispatcher.dispatchMessages(MessageDispatcher.java:72)
com.thoughtworks.gauge.GaugeRuntime.main(GaugeRuntime.java:37)
15:26:37.725 Plugin [Html Report] with pid [10076] has exited
15:26:38.027 Specifications:	1 executed	0 passed	1 failed	0 skipped
15:26:38.028 Scenarios:	1 executed	0 passed	1 failed	0 skipped
15:26:38.028 
Total time taken: 1m12.693s
16:10:02.528 [ParseError] /home/moon/Javaspace/BookingTestProject/specs/booking.spec : line no: 9, Dynamic parameter <US$> could not be resolved
16:12:19.543 Checking updates...
16:12:43.588 # Technical test Specification
16:12:43.593 ## Check Booking.com simple search
16:12:43.595 * Navigate to "http://www.booking.com"
16:12:50.667 * Set EN-US language with check hash
16:12:59.435 
Failed Step: Set EN-US language with check hash
16:12:59.435 Error Message: org.junit.ComparisonFailure: expected:<[]> but was:<[ZOVLAFFHJCdCEaXCfAOBRUDTbfZZbHe]>
16:12:59.435 Stacktrace: 
org.junit.Assert.assertEquals(Assert.java:115)
org.junit.Assert.assertEquals(Assert.java:144)
BookingTest.chooseENUSLanguage(BookingTest.java:73)
sun.reflect.NativeMethodAccessorImpl.invoke0(Native Method)
sun.reflect.NativeMethodAccessorImpl.invoke(NativeMethodAccessorImpl.java:62)
sun.reflect.DelegatingMethodAccessorImpl.invoke(DelegatingMethodAccessorImpl.java:43)
java.lang.reflect.Method.invoke(Method.java:498)
com.thoughtworks.gauge.execution.MethodExecutor.execute(MethodExecutor.java:31)
com.thoughtworks.gauge.execution.StepExecutionStage.executeStepMethod(StepExecutionStage.java:96)
com.thoughtworks.gauge.execution.StepExecutionStage.executeStep(StepExecutionStage.java:77)
com.thoughtworks.gauge.execution.StepExecutionStage.execute(StepExecutionStage.java:58)
com.thoughtworks.gauge.execution.AbstractExecutionStage.executeNext(AbstractExecutionStage.java:24)
com.thoughtworks.gauge.execution.HookExecutionStage.execute(HookExecutionStage.java:42)
com.thoughtworks.gauge.execution.ExecutionPipeline.start(ExecutionPipeline.java:31)
com.thoughtworks.gauge.processor.ExecuteStepProcessor.process(ExecuteStepProcessor.java:34)
com.thoughtworks.gauge.connection.MessageDispatcher.dispatchMessages(MessageDispatcher.java:72)
com.thoughtworks.gauge.GaugeRuntime.main(GaugeRuntime.java:37)
16:12:59.864 Plugin [Html Report] with pid [11512] has exited
16:13:00.266 Specifications:	1 executed	0 passed	1 failed	0 skipped
16:13:00.266 Scenarios:	1 executed	0 passed	1 failed	0 skipped
16:13:00.266 
Total time taken: 24.3s
16:20:34.725 Checking updates...
16:21:02.581 # Technical test Specification
16:21:02.591 ## Check Booking.com simple search
16:21:02.598 * Navigate to "http://www.booking.com"
16:21:10.500 * Set EN-US language with check hash
16:21:22.949 
Failed Step: Set EN-US language with check hash
16:21:22.949 Error Message: org.openqa.selenium.NoSuchElementException: no such element: Unable to locate element: {"method":"css selector","selector":"user_form .user_center_nav .uc_language a.popover_trigger img"}
  (Session info: chrome=50.0.2661.102)
  (Driver info: chromedriver=2.21.371461 (633e689b520b25f3e264a2ede6b74ccc23cb636a),platform=Linux 3.19.0-32-generic x86_64) (WARNING: The server did not provide any stacktrace information)
Command duration or timeout: 11.00 seconds
For documentation on this error, please visit: http://seleniumhq.org/exceptions/no_such_element.html
Build info: version: '2.48.2', revision: '41bccdd10cf2c0560f637404c2d96164b67d9d67', time: '2015-10-09 13:08:06'
System info: host: 'boq', ip: '127.0.1.1', os.name: 'Linux', os.arch: 'amd64', os.version: '3.19.0-32-generic', java.version: '1.8.0_91'
Driver info: org.openqa.selenium.chrome.ChromeDriver
Capabilities [{applicationCacheEnabled=false, rotatable=false, mobileEmulationEnabled=false, chrome={chromedriverVersion=2.21.371461 (633e689b520b25f3e264a2ede6b74ccc23cb636a), userDataDir=/tmp/.com.google.Chrome.76k8m5}, takesHeapSnapshot=true, databaseEnabled=false, handlesAlerts=true, hasTouchScreen=false, version=50.0.2661.102, platform=LINUX, browserConnectionEnabled=false, nativeEvents=true, acceptSslCerts=true, locationContextEnabled=true, webStorageEnabled=true, browserName=chrome, takesScreenshot=true, javascriptEnabled=true, cssSelectorsEnabled=true}]
Session ID: 800430341381c906fb710a036bb9023c
*** Element info: {Using=css selector, value=user_form .user_center_nav .uc_language a.popover_trigger img}
16:21:22.949 Stacktrace: 
sun.reflect.NativeConstructorAccessorImpl.newInstance0(Native Method)
sun.reflect.NativeConstructorAccessorImpl.newInstance(NativeConstructorAccessorImpl.java:62)
sun.reflect.DelegatingConstructorAccessorImpl.newInstance(DelegatingConstructorAccessorImpl.java:45)
java.lang.reflect.Constructor.newInstance(Constructor.java:423)
org.openqa.selenium.remote.ErrorHandler.createThrowable(ErrorHandler.java:206)
org.openqa.selenium.remote.ErrorHandler.throwIfResponseFailed(ErrorHandler.java:158)
org.openqa.selenium.remote.RemoteWebDriver.execute(RemoteWebDriver.java:647)
org.openqa.selenium.remote.RemoteWebDriver.findElement(RemoteWebDriver.java:353)
org.openqa.selenium.remote.RemoteWebDriver.findElementByCssSelector(RemoteWebDriver.java:482)
org.openqa.selenium.By$ByCssSelector.findElement(By.java:430)
org.openqa.selenium.remote.RemoteWebDriver.findElement(RemoteWebDriver.java:345)
BookingTest.chooseENUSLanguage(BookingTest.java:67)
sun.reflect.NativeMethodAccessorImpl.invoke0(Native Method)
sun.reflect.NativeMethodAccessorImpl.invoke(NativeMethodAccessorImpl.java:62)
sun.reflect.DelegatingMethodAccessorImpl.invoke(DelegatingMethodAccessorImpl.java:43)
java.lang.reflect.Method.invoke(Method.java:498)
com.thoughtworks.gauge.execution.MethodExecutor.execute(MethodExecutor.java:31)
com.thoughtworks.gauge.execution.StepExecutionStage.executeStepMethod(StepExecutionStage.java:96)
com.thoughtworks.gauge.execution.StepExecutionStage.executeStep(StepExecutionStage.java:77)
com.thoughtworks.gauge.execution.StepExecutionStage.execute(StepExecutionStage.java:58)
com.thoughtworks.gauge.execution.AbstractExecutionStage.executeNext(AbstractExecutionStage.java:24)
com.thoughtworks.gauge.execution.HookExecutionStage.execute(HookExecutionStage.java:42)
com.thoughtworks.gauge.execution.ExecutionPipeline.start(ExecutionPipeline.java:31)
com.thoughtworks.gauge.processor.ExecuteStepProcessor.process(ExecuteStepProcessor.java:34)
com.thoughtworks.gauge.connection.MessageDispatcher.dispatchMessages(MessageDispatcher.java:72)
com.thoughtworks.gauge.GaugeRuntime.main(GaugeRuntime.java:37)
16:21:23.426 Plugin [Html Report] with pid [11927] has exited
16:21:23.729 Specifications:	1 executed	0 passed	1 failed	0 skipped
16:21:23.729 Scenarios:	1 executed	0 passed	1 failed	0 skipped
16:21:23.729 
Total time taken: 29.486s
16:22:44.382 Checking updates...
16:23:08.872 # Technical test Specification
16:23:08.879 ## Check Booking.com simple search
16:23:08.881 * Navigate to "http://www.booking.com"
16:23:16.011 * Set EN-US language with check hash
16:23:26.621 
Failed Step: Set EN-US language with check hash
16:23:26.621 Error Message: org.junit.ComparisonFailure: expected:<[]> but was:<[ZOVLAFFHJCdCEaXCfAOBRUDTbfZZbHe]>
16:23:26.621 Stacktrace: 
org.junit.Assert.assertEquals(Assert.java:115)
org.junit.Assert.assertEquals(Assert.java:144)
BookingTest.chooseENUSLanguage(BookingTest.java:75)
sun.reflect.NativeMethodAccessorImpl.invoke0(Native Method)
sun.reflect.NativeMethodAccessorImpl.invoke(NativeMethodAccessorImpl.java:62)
sun.reflect.DelegatingMethodAccessorImpl.invoke(DelegatingMethodAccessorImpl.java:43)
java.lang.reflect.Method.invoke(Method.java:498)
com.thoughtworks.gauge.execution.MethodExecutor.execute(MethodExecutor.java:31)
com.thoughtworks.gauge.execution.StepExecutionStage.executeStepMethod(StepExecutionStage.java:96)
com.thoughtworks.gauge.execution.StepExecutionStage.executeStep(StepExecutionStage.java:77)
com.thoughtworks.gauge.execution.StepExecutionStage.execute(StepExecutionStage.java:58)
com.thoughtworks.gauge.execution.AbstractExecutionStage.executeNext(AbstractExecutionStage.java:24)
com.thoughtworks.gauge.execution.HookExecutionStage.execute(HookExecutionStage.java:42)
com.thoughtworks.gauge.execution.ExecutionPipeline.start(ExecutionPipeline.java:31)
com.thoughtworks.gauge.processor.ExecuteStepProcessor.process(ExecuteStepProcessor.java:34)
com.thoughtworks.gauge.connection.MessageDispatcher.dispatchMessages(MessageDispatcher.java:72)
com.thoughtworks.gauge.GaugeRuntime.main(GaugeRuntime.java:37)
16:23:26.894 Plugin [Html Report] with pid [12185] has exited
16:23:27.197 Specifications:	1 executed	0 passed	1 failed	0 skipped
16:23:27.197 Scenarios:	1 executed	0 passed	1 failed	0 skipped
16:23:27.197 
Total time taken: 25.956s
16:24:42.815 Checking updates...
16:25:10.891 # Technical test Specification
16:25:10.895 ## Check Booking.com simple search
16:25:10.898 * Navigate to "http://www.booking.com"
16:25:17.814 * Set EN-US language with check hash
16:26:30.286 
Failed Step: Set EN-US language with check hash
16:26:30.286 Error Message: org.junit.ComparisonFailure: expected:<[]> but was:<[ZOVLAFFHJCdCEaXCfAOBRUDTbfZZbHe]>
16:26:30.286 Stacktrace: 
org.junit.Assert.assertEquals(Assert.java:115)
org.junit.Assert.assertEquals(Assert.java:144)
BookingTest.chooseENUSLanguage(BookingTest.java:75)
sun.reflect.NativeMethodAccessorImpl.invoke0(Native Method)
sun.reflect.NativeMethodAccessorImpl.invoke(NativeMethodAccessorImpl.java:62)
sun.reflect.DelegatingMethodAccessorImpl.invoke(DelegatingMethodAccessorImpl.java:43)
java.lang.reflect.Method.invoke(Method.java:498)
com.thoughtworks.gauge.execution.MethodExecutor.execute(MethodExecutor.java:31)
com.thoughtworks.gauge.execution.StepExecutionStage.executeStepMethod(StepExecutionStage.java:96)
com.thoughtworks.gauge.execution.StepExecutionStage.executeStep(StepExecutionStage.java:77)
com.thoughtworks.gauge.execution.StepExecutionStage.execute(StepExecutionStage.java:58)
com.thoughtworks.gauge.execution.AbstractExecutionStage.executeNext(AbstractExecutionStage.java:24)
com.thoughtworks.gauge.execution.HookExecutionStage.execute(HookExecutionStage.java:42)
com.thoughtworks.gauge.execution.ExecutionPipeline.start(ExecutionPipeline.java:31)
com.thoughtworks.gauge.processor.ExecuteStepProcessor.process(ExecuteStepProcessor.java:34)
com.thoughtworks.gauge.connection.MessageDispatcher.dispatchMessages(MessageDispatcher.java:72)
com.thoughtworks.gauge.GaugeRuntime.main(GaugeRuntime.java:37)
16:26:30.789 Plugin [Html Report] with pid [12435] has exited
16:26:31.192 Specifications:	1 executed	0 passed	1 failed	0 skipped
16:26:31.192 Scenarios:	1 executed	0 passed	1 failed	0 skipped
16:26:31.192 
Total time taken: 1m29.172s
16:27:47.494 Checking updates...
16:28:11.409 # Technical test Specification
16:28:11.424 ## Check Booking.com simple search
16:28:11.426 * Navigate to "http://www.booking.com"
16:28:19.023 * Set EN-US language with check hash
16:28:34.618 
Failed Step: Set EN-US language with check hash
16:28:34.618 Error Message: org.junit.ComparisonFailure: expected:<[]> but was:<[ZOVLAFFHJCdCEaXCfAOBRUDTbfZZbHe]>
16:28:34.618 Stacktrace: 
org.junit.Assert.assertEquals(Assert.java:115)
org.junit.Assert.assertEquals(Assert.java:144)
BookingTest.chooseENUSLanguage(BookingTest.java:75)
sun.reflect.NativeMethodAccessorImpl.invoke0(Native Method)
sun.reflect.NativeMethodAccessorImpl.invoke(NativeMethodAccessorImpl.java:62)
sun.reflect.DelegatingMethodAccessorImpl.invoke(DelegatingMethodAccessorImpl.java:43)
java.lang.reflect.Method.invoke(Method.java:498)
com.thoughtworks.gauge.execution.MethodExecutor.execute(MethodExecutor.java:31)
com.thoughtworks.gauge.execution.StepExecutionStage.executeStepMethod(StepExecutionStage.java:96)
com.thoughtworks.gauge.execution.StepExecutionStage.executeStep(StepExecutionStage.java:77)
com.thoughtworks.gauge.execution.StepExecutionStage.execute(StepExecutionStage.java:58)
com.thoughtworks.gauge.execution.AbstractExecutionStage.executeNext(AbstractExecutionStage.java:24)
com.thoughtworks.gauge.execution.HookExecutionStage.execute(HookExecutionStage.java:42)
com.thoughtworks.gauge.execution.ExecutionPipeline.start(ExecutionPipeline.java:31)
com.thoughtworks.gauge.processor.ExecuteStepProcessor.process(ExecuteStepProcessor.java:34)
com.thoughtworks.gauge.connection.MessageDispatcher.dispatchMessages(MessageDispatcher.java:72)
com.thoughtworks.gauge.GaugeRuntime.main(GaugeRuntime.java:37)
16:28:35.025 Plugin [Html Report] with pid [12728] has exited
16:28:35.427 Specifications:	1 executed	0 passed	1 failed	0 skipped
16:28:35.427 Scenarios:	1 executed	0 passed	1 failed	0 skipped
16:28:35.428 
Total time taken: 32.238s
16:33:36.077 Checking updates...
16:34:02.986 # Technical test Specification
16:34:02.990 ## Check Booking.com simple search
16:34:02.992 * Navigate to "http://www.booking.com"
16:34:09.571 * Set EN-US language with check hash
16:34:10.345 * Choose USD currency with title has "US$" as result
16:34:16.533 * Set destination to "New York City"
16:34:18.628 * Set Check-In date to " 3" of "September 2016"
16:34:24.316 * Set Check-Out date to " 7" of "September 2016"
16:34:34.347 * Choose Traveling for Work
16:34:34.732 * Set Rooms to "1"
16:34:35.084 * Set Adults to "1"
16:34:35.643 * Do search
16:34:47.503 
Failed Step: Do search
16:34:47.503 Error Message: org.openqa.selenium.NoSuchElementException: no such element: Unable to locate element: {"method":"xpath","selector":"//button[@class='sb-searchbox__button  ']"}
  (Session info: chrome=50.0.2661.102)
  (Driver info: chromedriver=2.21.371461 (633e689b520b25f3e264a2ede6b74ccc23cb636a),platform=Linux 3.19.0-32-generic x86_64) (WARNING: The server did not provide any stacktrace information)
Command duration or timeout: 10.49 seconds
For documentation on this error, please visit: http://seleniumhq.org/exceptions/no_such_element.html
Build info: version: '2.48.2', revision: '41bccdd10cf2c0560f637404c2d96164b67d9d67', time: '2015-10-09 13:08:06'
System info: host: 'boq', ip: '127.0.1.1', os.name: 'Linux', os.arch: 'amd64', os.version: '3.19.0-32-generic', java.version: '1.8.0_91'
Driver info: org.openqa.selenium.chrome.ChromeDriver
Capabilities [{applicationCacheEnabled=false, rotatable=false, mobileEmulationEnabled=false, chrome={chromedriverVersion=2.21.371461 (633e689b520b25f3e264a2ede6b74ccc23cb636a), userDataDir=/tmp/.com.google.Chrome.ORqC22}, takesHeapSnapshot=true, databaseEnabled=false, handlesAlerts=true, hasTouchScreen=false, version=50.0.2661.102, platform=LINUX, browserConnectionEnabled=false, nativeEvents=true, acceptSslCerts=true, locationContextEnabled=true, webStorageEnabled=true, browserName=chrome, takesScreenshot=true, javascriptEnabled=true, cssSelectorsEnabled=true}]
Session ID: 3cf26d68a46cd14647a74de90a40ff24
*** Element info: {Using=xpath, value=//button[@class='sb-searchbox__button  ']}
16:34:47.504 Stacktrace: 
sun.reflect.NativeConstructorAccessorImpl.newInstance0(Native Method)
sun.reflect.NativeConstructorAccessorImpl.newInstance(NativeConstructorAccessorImpl.java:62)
sun.reflect.DelegatingConstructorAccessorImpl.newInstance(DelegatingConstructorAccessorImpl.java:45)
java.lang.reflect.Constructor.newInstance(Constructor.java:423)
org.openqa.selenium.remote.ErrorHandler.createThrowable(ErrorHandler.java:206)
org.openqa.selenium.remote.ErrorHandler.throwIfResponseFailed(ErrorHandler.java:158)
org.openqa.selenium.remote.RemoteWebDriver.execute(RemoteWebDriver.java:647)
org.openqa.selenium.remote.RemoteWebDriver.findElement(RemoteWebDriver.java:353)
org.openqa.selenium.remote.RemoteWebDriver.findElementByXPath(RemoteWebDriver.java:490)
org.openqa.selenium.By$ByXPath.findElement(By.java:361)
org.openqa.selenium.remote.RemoteWebDriver.findElement(RemoteWebDriver.java:345)
BookingTest.doSearch(BookingTest.java:157)
sun.reflect.NativeMethodAccessorImpl.invoke0(Native Method)
sun.reflect.NativeMethodAccessorImpl.invoke(NativeMethodAccessorImpl.java:62)
sun.reflect.DelegatingMethodAccessorImpl.invoke(DelegatingMethodAccessorImpl.java:43)
java.lang.reflect.Method.invoke(Method.java:498)
com.thoughtworks.gauge.execution.MethodExecutor.execute(MethodExecutor.java:31)
com.thoughtworks.gauge.execution.StepExecutionStage.executeStepMethod(StepExecutionStage.java:96)
com.thoughtworks.gauge.execution.StepExecutionStage.executeStep(StepExecutionStage.java:77)
com.thoughtworks.gauge.execution.StepExecutionStage.execute(StepExecutionStage.java:58)
com.thoughtworks.gauge.execution.AbstractExecutionStage.executeNext(AbstractExecutionStage.java:24)
com.thoughtworks.gauge.execution.HookExecutionStage.execute(HookExecutionStage.java:42)
com.thoughtworks.gauge.execution.ExecutionPipeline.start(ExecutionPipeline.java:31)
com.thoughtworks.gauge.processor.ExecuteStepProcessor.process(ExecuteStepProcessor.java:34)
com.thoughtworks.gauge.connection.MessageDispatcher.dispatchMessages(MessageDispatcher.java:72)
com.thoughtworks.gauge.GaugeRuntime.main(GaugeRuntime.java:37)
16:34:47.886 Plugin [Html Report] with pid [13142] has exited
16:34:48.192 Specifications:	1 executed	0 passed	1 failed	0 skipped
16:34:48.192 Scenarios:	1 executed	0 passed	1 failed	0 skipped
16:34:48.192 
Total time taken: 53.028s
16:46:05.722 Checking updates...
16:46:29.138 # Technical test Specification
16:46:29.143 ## Check Booking.com simple search
16:46:29.152 * Navigate to "http://www.booking.com"
16:46:35.845 * Set EN-US language with check hash
16:46:36.607 * Choose USD currency with title has "US$" as result
16:46:44.421 * Set destination to "New York City"
16:46:46.449 * Set Check-In date to " 3" of "September 2016"
16:46:51.547 * Set Check-Out date to " 7" of "September 2016"
16:47:01.342 * Choose Traveling for Work
16:47:01.714 * Set Rooms to "1"
16:47:02.063 * Set Adults to "1"
16:47:02.629 * Do search
16:47:14.548 
Failed Step: Do search
16:47:14.549 Error Message: org.openqa.selenium.NoSuchElementException: no such element: Unable to locate element: {"method":"xpath","selector":"//button[@class='sb-searchbox__button  ']"}
  (Session info: chrome=50.0.2661.102)
  (Driver info: chromedriver=2.21.371461 (633e689b520b25f3e264a2ede6b74ccc23cb636a),platform=Linux 3.19.0-32-generic x86_64) (WARNING: The server did not provide any stacktrace information)
Command duration or timeout: 10.57 seconds
For documentation on this error, please visit: http://seleniumhq.org/exceptions/no_such_element.html
Build info: version: '2.48.2', revision: '41bccdd10cf2c0560f637404c2d96164b67d9d67', time: '2015-10-09 13:08:06'
System info: host: 'boq', ip: '127.0.1.1', os.name: 'Linux', os.arch: 'amd64', os.version: '3.19.0-32-generic', java.version: '1.8.0_91'
Driver info: org.openqa.selenium.chrome.ChromeDriver
Capabilities [{applicationCacheEnabled=false, rotatable=false, mobileEmulationEnabled=false, chrome={chromedriverVersion=2.21.371461 (633e689b520b25f3e264a2ede6b74ccc23cb636a), userDataDir=/tmp/.com.google.Chrome.ZEefql}, takesHeapSnapshot=true, databaseEnabled=false, handlesAlerts=true, hasTouchScreen=false, version=50.0.2661.102, platform=LINUX, browserConnectionEnabled=false, nativeEvents=true, acceptSslCerts=true, locationContextEnabled=true, webStorageEnabled=true, browserName=chrome, takesScreenshot=true, javascriptEnabled=true, cssSelectorsEnabled=true}]
Session ID: 808deb4467f9d1ee9c1992a0b8b4b6c5
*** Element info: {Using=xpath, value=//button[@class='sb-searchbox__button  ']}
16:47:14.549 Stacktrace: 
sun.reflect.NativeConstructorAccessorImpl.newInstance0(Native Method)
sun.reflect.NativeConstructorAccessorImpl.newInstance(NativeConstructorAccessorImpl.java:62)
sun.reflect.DelegatingConstructorAccessorImpl.newInstance(DelegatingConstructorAccessorImpl.java:45)
java.lang.reflect.Constructor.newInstance(Constructor.java:423)
org.openqa.selenium.remote.ErrorHandler.createThrowable(ErrorHandler.java:206)
org.openqa.selenium.remote.ErrorHandler.throwIfResponseFailed(ErrorHandler.java:158)
org.openqa.selenium.remote.RemoteWebDriver.execute(RemoteWebDriver.java:647)
org.openqa.selenium.remote.RemoteWebDriver.findElement(RemoteWebDriver.java:353)
org.openqa.selenium.remote.RemoteWebDriver.findElementByXPath(RemoteWebDriver.java:490)
org.openqa.selenium.By$ByXPath.findElement(By.java:361)
org.openqa.selenium.remote.RemoteWebDriver.findElement(RemoteWebDriver.java:345)
BookingTest.doSearch(BookingTest.java:163)
sun.reflect.NativeMethodAccessorImpl.invoke0(Native Method)
sun.reflect.NativeMethodAccessorImpl.invoke(NativeMethodAccessorImpl.java:62)
sun.reflect.DelegatingMethodAccessorImpl.invoke(DelegatingMethodAccessorImpl.java:43)
java.lang.reflect.Method.invoke(Method.java:498)
com.thoughtworks.gauge.execution.MethodExecutor.execute(MethodExecutor.java:31)
com.thoughtworks.gauge.execution.StepExecutionStage.executeStepMethod(StepExecutionStage.java:96)
com.thoughtworks.gauge.execution.StepExecutionStage.executeStep(StepExecutionStage.java:77)
com.thoughtworks.gauge.execution.StepExecutionStage.execute(StepExecutionStage.java:58)
com.thoughtworks.gauge.execution.AbstractExecutionStage.executeNext(AbstractExecutionStage.java:24)
com.thoughtworks.gauge.execution.HookExecutionStage.execute(HookExecutionStage.java:42)
com.thoughtworks.gauge.execution.ExecutionPipeline.start(ExecutionPipeline.java:31)
com.thoughtworks.gauge.processor.ExecuteStepProcessor.process(ExecuteStepProcessor.java:34)
com.thoughtworks.gauge.connection.MessageDispatcher.dispatchMessages(MessageDispatcher.java:72)
com.thoughtworks.gauge.GaugeRuntime.main(GaugeRuntime.java:37)
16:47:15.039 Plugin [Html Report] with pid [13701] has exited
16:47:15.341 Specifications:	1 executed	0 passed	1 failed	0 skipped
16:47:15.341 Scenarios:	1 executed	0 passed	1 failed	0 skipped
16:47:15.341 
Total time taken: 54.052s
16:51:09.115 Checking updates...
16:51:34.461 # Technical test Specification
16:51:34.466 ## Check Booking.com simple search
16:51:34.472 * Navigate to "http://www.booking.com"
16:51:41.378 * Set EN-US language with check hash
16:51:41.848 * Choose USD currency with title has "US$" as result
16:51:48.747 * Set destination to "New York City"
16:51:50.978 * Set Check-In date to " 3" of "September 2016"
16:51:56.063 * Set Check-Out date to " 7" of "September 2016"
16:52:05.957 * Choose Traveling for Work
16:52:06.362 * Set Rooms to "1"
16:52:06.724 * Set Adults to "1"
16:52:07.287 * Do search
16:52:19.603 
Failed Step: Do search
16:52:19.604 Error Message: org.openqa.selenium.NoSuchElementException: no such element: Unable to locate element: {"method":"css selector","selector":".sb-searchbox__button"}
  (Session info: chrome=50.0.2661.102)
  (Driver info: chromedriver=2.21.371461 (633e689b520b25f3e264a2ede6b74ccc23cb636a),platform=Linux 3.19.0-32-generic x86_64) (WARNING: The server did not provide any stacktrace information)
Command duration or timeout: 10.08 seconds
For documentation on this error, please visit: http://seleniumhq.org/exceptions/no_such_element.html
Build info: version: '2.48.2', revision: '41bccdd10cf2c0560f637404c2d96164b67d9d67', time: '2015-10-09 13:08:06'
System info: host: 'boq', ip: '127.0.1.1', os.name: 'Linux', os.arch: 'amd64', os.version: '3.19.0-32-generic', java.version: '1.8.0_91'
Driver info: org.openqa.selenium.chrome.ChromeDriver
Capabilities [{applicationCacheEnabled=false, rotatable=false, mobileEmulationEnabled=false, chrome={chromedriverVersion=2.21.371461 (633e689b520b25f3e264a2ede6b74ccc23cb636a), userDataDir=/tmp/.com.google.Chrome.bfoj9J}, takesHeapSnapshot=true, databaseEnabled=false, handlesAlerts=true, hasTouchScreen=false, version=50.0.2661.102, platform=LINUX, browserConnectionEnabled=false, nativeEvents=true, acceptSslCerts=true, locationContextEnabled=true, webStorageEnabled=true, browserName=chrome, takesScreenshot=true, javascriptEnabled=true, cssSelectorsEnabled=true}]
Session ID: 417b350a63e6edab23351ad5636eeb6b
*** Element info: {Using=css selector, value=.sb-searchbox__button}
16:52:19.604 Stacktrace: 
sun.reflect.NativeConstructorAccessorImpl.newInstance0(Native Method)
sun.reflect.NativeConstructorAccessorImpl.newInstance(NativeConstructorAccessorImpl.java:62)
sun.reflect.DelegatingConstructorAccessorImpl.newInstance(DelegatingConstructorAccessorImpl.java:45)
java.lang.reflect.Constructor.newInstance(Constructor.java:423)
org.openqa.selenium.remote.ErrorHandler.createThrowable(ErrorHandler.java:206)
org.openqa.selenium.remote.ErrorHandler.throwIfResponseFailed(ErrorHandler.java:158)
org.openqa.selenium.remote.RemoteWebDriver.execute(RemoteWebDriver.java:647)
org.openqa.selenium.remote.RemoteWebDriver.findElement(RemoteWebDriver.java:353)
org.openqa.selenium.remote.RemoteWebDriver.findElementByCssSelector(RemoteWebDriver.java:482)
org.openqa.selenium.By$ByCssSelector.findElement(By.java:430)
org.openqa.selenium.remote.RemoteWebDriver.findElement(RemoteWebDriver.java:345)
BookingTest.doSearch(BookingTest.java:162)
sun.reflect.NativeMethodAccessorImpl.invoke0(Native Method)
sun.reflect.NativeMethodAccessorImpl.invoke(NativeMethodAccessorImpl.java:62)
sun.reflect.DelegatingMethodAccessorImpl.invoke(DelegatingMethodAccessorImpl.java:43)
java.lang.reflect.Method.invoke(Method.java:498)
com.thoughtworks.gauge.execution.MethodExecutor.execute(MethodExecutor.java:31)
com.thoughtworks.gauge.execution.StepExecutionStage.executeStepMethod(StepExecutionStage.java:96)
com.thoughtworks.gauge.execution.StepExecutionStage.executeStep(StepExecutionStage.java:77)
com.thoughtworks.gauge.execution.StepExecutionStage.execute(StepExecutionStage.java:58)
com.thoughtworks.gauge.execution.AbstractExecutionStage.executeNext(AbstractExecutionStage.java:24)
com.thoughtworks.gauge.execution.HookExecutionStage.execute(HookExecutionStage.java:42)
com.thoughtworks.gauge.execution.ExecutionPipeline.start(ExecutionPipeline.java:31)
com.thoughtworks.gauge.processor.ExecuteStepProcessor.process(ExecuteStepProcessor.java:34)
com.thoughtworks.gauge.connection.MessageDispatcher.dispatchMessages(MessageDispatcher.java:72)
com.thoughtworks.gauge.GaugeRuntime.main(GaugeRuntime.java:37)
16:52:19.985 Plugin [Html Report] with pid [14048] has exited
16:52:20.286 Specifications:	1 executed	0 passed	1 failed	0 skipped
16:52:20.287 Scenarios:	1 executed	0 passed	1 failed	0 skipped
16:52:20.287 
Total time taken: 54.677s
16:57:02.397 Checking updates...
16:57:27.289 # Technical test Specification
16:57:27.293 ## Check Booking.com simple search
16:57:27.297 * Navigate to "http://www.booking.com"
16:57:35.478 * Set EN-US language with check hash
16:57:36.179 * Choose USD currency with title has "US$" as result
16:57:47.915 * Set destination to "New York City"
16:57:50.131 * Set Check-In date to " 3" of "September 2016"
16:57:55.971 * Set Check-Out date to " 7" of "September 2016"
16:58:06.126 * Choose Traveling for Work
16:58:06.534 * Set Rooms to "1"
16:58:06.979 * Set Adults to "1"
16:58:07.650 * Do search
16:58:19.623 
Failed Step: Do search
16:58:19.623 Error Message: org.openqa.selenium.NoSuchElementException: no such element: Unable to locate element: {"method":"class name","selector":".b-button.b-searchbox-button_legacy"}
  (Session info: chrome=50.0.2661.102)
  (Driver info: chromedriver=2.21.371461 (633e689b520b25f3e264a2ede6b74ccc23cb636a),platform=Linux 3.19.0-32-generic x86_64) (WARNING: The server did not provide any stacktrace information)
Command duration or timeout: 10.26 seconds
For documentation on this error, please visit: http://seleniumhq.org/exceptions/no_such_element.html
Build info: version: '2.48.2', revision: '41bccdd10cf2c0560f637404c2d96164b67d9d67', time: '2015-10-09 13:08:06'
System info: host: 'boq', ip: '127.0.1.1', os.name: 'Linux', os.arch: 'amd64', os.version: '3.19.0-32-generic', java.version: '1.8.0_91'
Driver info: org.openqa.selenium.chrome.ChromeDriver
Capabilities [{applicationCacheEnabled=false, rotatable=false, mobileEmulationEnabled=false, chrome={chromedriverVersion=2.21.371461 (633e689b520b25f3e264a2ede6b74ccc23cb636a), userDataDir=/tmp/.com.google.Chrome.Xu1L52}, takesHeapSnapshot=true, databaseEnabled=false, handlesAlerts=true, hasTouchScreen=false, version=50.0.2661.102, platform=LINUX, browserConnectionEnabled=false, nativeEvents=true, acceptSslCerts=true, locationContextEnabled=true, webStorageEnabled=true, browserName=chrome, takesScreenshot=true, javascriptEnabled=true, cssSelectorsEnabled=true}]
Session ID: d466ccbb8ce840343b54d12b91d76dcc
*** Element info: {Using=class name, value=.b-button.b-searchbox-button_legacy}
16:58:19.624 Stacktrace: 
sun.reflect.NativeConstructorAccessorImpl.newInstance0(Native Method)
sun.reflect.NativeConstructorAccessorImpl.newInstance(NativeConstructorAccessorImpl.java:62)
sun.reflect.DelegatingConstructorAccessorImpl.newInstance(DelegatingConstructorAccessorImpl.java:45)
java.lang.reflect.Constructor.newInstance(Constructor.java:423)
org.openqa.selenium.remote.ErrorHandler.createThrowable(ErrorHandler.java:206)
org.openqa.selenium.remote.ErrorHandler.throwIfResponseFailed(ErrorHandler.java:158)
org.openqa.selenium.remote.RemoteWebDriver.execute(RemoteWebDriver.java:647)
org.openqa.selenium.remote.RemoteWebDriver.findElement(RemoteWebDriver.java:353)
org.openqa.selenium.remote.RemoteWebDriver.findElementByClassName(RemoteWebDriver.java:467)
org.openqa.selenium.By$ByClassName.findElement(By.java:391)
org.openqa.selenium.remote.RemoteWebDriver.findElement(RemoteWebDriver.java:345)
BookingTest.doSearch(BookingTest.java:162)
sun.reflect.NativeMethodAccessorImpl.invoke0(Native Method)
sun.reflect.NativeMethodAccessorImpl.invoke(NativeMethodAccessorImpl.java:62)
sun.reflect.DelegatingMethodAccessorImpl.invoke(DelegatingMethodAccessorImpl.java:43)
java.lang.reflect.Method.invoke(Method.java:498)
com.thoughtworks.gauge.execution.MethodExecutor.execute(MethodExecutor.java:31)
com.thoughtworks.gauge.execution.StepExecutionStage.executeStepMethod(StepExecutionStage.java:96)
com.thoughtworks.gauge.execution.StepExecutionStage.executeStep(StepExecutionStage.java:77)
com.thoughtworks.gauge.execution.StepExecutionStage.execute(StepExecutionStage.java:58)
com.thoughtworks.gauge.execution.AbstractExecutionStage.executeNext(AbstractExecutionStage.java:24)
com.thoughtworks.gauge.execution.HookExecutionStage.execute(HookExecutionStage.java:42)
com.thoughtworks.gauge.execution.ExecutionPipeline.start(ExecutionPipeline.java:31)
com.thoughtworks.gauge.processor.ExecuteStepProcessor.process(ExecuteStepProcessor.java:34)
com.thoughtworks.gauge.connection.MessageDispatcher.dispatchMessages(MessageDispatcher.java:72)
com.thoughtworks.gauge.GaugeRuntime.main(GaugeRuntime.java:37)
16:58:20.106 Plugin [Html Report] with pid [14426] has exited
16:58:20.408 Specifications:	1 executed	0 passed	1 failed	0 skipped
16:58:20.408 Scenarios:	1 executed	0 passed	1 failed	0 skipped
16:58:20.408 
Total time taken: 1m1.276s
17:00:05.567 Checking updates...
17:00:30.801 # Technical test Specification
17:00:30.806 ## Check Booking.com simple search
17:00:30.809 * Navigate to "http://www.booking.com"
17:00:37.750 * Set EN-US language with check hash
17:00:38.508 * Choose USD currency with title has "US$" as result
17:00:45.223 * Set destination to "New York City"
17:00:47.407 * Set Check-In date to " 3" of "September 2016"
17:00:52.977 * Set Check-Out date to " 7" of "September 2016"
17:01:03.143 * Choose Traveling for Work
17:01:03.542 * Set Rooms to "1"
17:01:03.908 * Set Adults to "1"
17:01:04.517 * Do search
17:08:08.847 Checking updates...
17:08:33.542 # Technical test Specification
17:08:33.550 ## Check Booking.com simple search
17:08:33.552 * Navigate to "http://www.booking.com"
17:08:40.355 * Set EN-US language with check hash
17:08:40.881 * Choose USD currency with title has "US$" as result
17:08:47.286 * Set destination to "New York City"
17:08:49.966 * Set Check-In date to " 3" of "September 2016"
17:08:55.134 * Set Check-Out date to " 7" of "September 2016"
17:09:05.020 * Choose Traveling for Work
17:09:05.383 * Set Rooms to "1"
17:09:05.847 * Set Adults to "1"
17:09:06.691 * Do search
17:09:15.970 * Check search for "New York City"
17:09:23.252 Plugin [Html Report] with pid [15202] has exited
17:09:23.554 Specifications:	1 executed	1 passed	0 failed	0 skipped
17:09:23.555 Scenarios:	1 executed	1 passed	0 failed	0 skipped
17:09:23.555 
Total time taken: 57.794s
17:13:00.241 Checking updates...
17:13:19.573 # Technical test Specification
17:13:19.579 ## Check Booking.com simple search
17:13:19.582 * Navigate to "http://www.booking.com"
17:13:26.578 * Set EN-US language with check hash
17:13:27.204 * Choose USD currency with title has "US$" as result
17:13:33.898 * Set destination to "New York City"
17:13:36.101 * Set Check-In date to " 3" of "September 2016"
17:13:41.630 * Set Check-Out date to " 7" of "September 2016"
17:13:51.799 * Choose Traveling for Work
17:13:52.221 * Set Rooms to "1"
17:13:52.598 * Set Adults to "1"
17:13:53.197 * Do search
17:13:55.603 * Check search for "New York City"
17:14:06.087 Plugin [Html Report] with pid [15525] has exited
17:14:06.391 Specifications:	1 executed	1 passed	0 failed	0 skipped
17:14:06.391 Scenarios:	1 executed	1 passed	0 failed	0 skipped
17:14:06.392 
Total time taken: 54.987s
17:30:38.687 Checking updates...
17:31:04.094 # Technical test Specification
17:31:04.098 ## Check Booking.com simple search
17:31:04.101 * Navigate to "http://www.booking.com"
17:31:11.482 * Set EN-US language with check hash
17:31:11.643 * Choose USD currency with title has "US$" as result
17:31:18.684 * Set destination to "New York City"
17:31:20.695 * Set Check-In date to " 3" of "September 2016"
17:31:26.035 * Set Check-Out date to " 7" of "September 2016"
17:31:35.738 * Choose Traveling for Work
17:31:36.137 * Set Rooms to "1"
17:31:36.517 * Set Adults to "1"
17:31:37.379 * Do search
17:31:47.092 * Check search for "New York City"
17:31:54.923 Plugin [Html Report] with pid [16382] has exited
17:31:55.226 Specifications:	1 executed	1 passed	0 failed	0 skipped
17:31:55.226 Scenarios:	1 executed	1 passed	0 failed	0 skipped
17:31:55.226 
Total time taken: 59.01s
17:42:25.517 Checking updates...
17:42:49.410 # Technical test Specification
17:42:49.416 ## Check Booking.com simple search
17:42:49.420 * Navigate to "http://www.booking.com"
17:42:56.629 * Set EN-US language with check hash
17:42:57.806 * Choose USD currency with title has "US$" as result
17:43:04.690 * Set destination to "New York City"
17:43:06.790 * Set Check-In date to " 3" of "September 2016"
17:43:12.189 * Set Check-Out date to " 7" of "September 2016"
17:43:22.990 * Choose Traveling for Work
17:43:23.366 * Set Rooms to "1"
17:43:23.730 * Set Adults to "1"
17:43:24.352 * Do search
17:43:26.933 * Check search for "New York City"
17:43:38.393 Plugin [Html Report] with pid [16998] has exited
17:43:38.695 Specifications:	1 executed	1 passed	0 failed	0 skipped
17:43:38.695 Scenarios:	1 executed	1 passed	0 failed	0 skipped
17:43:38.695 
Total time taken: 57.582s
17:55:51.343 Checking updates...
17:56:14.219 # Technical test Specification
17:56:14.223 ## Check Booking.com simple search
17:56:14.226 * Navigate to "http://www.booking.com"
17:56:21.765 * Set EN-US language with check hash
17:56:22.802 * Choose USD currency with title has "US$" as result
17:56:30.501 * Set destination to "New York City"
17:56:32.733 * Set Check-In date to " 3" of "September 2016"
17:56:37.946 * Set Check-Out date to " 7" of "September 2016"
17:56:47.994 * Choose Traveling for Work
17:56:48.484 * Set Rooms to "1"
17:56:48.863 * Set Adults to "1"
17:56:49.502 * Do search
17:56:52.115 * Check search for "New York City"
17:57:03.462 Plugin [Html Report] with pid [17887] has exited
17:57:03.765 Specifications:	1 executed	1 passed	0 failed	0 skipped
17:57:03.765 Scenarios:	1 executed	1 passed	0 failed	0 skipped
17:57:03.765 
Total time taken: 57.468s
18:16:46.364 Checking updates...
18:17:14.838 # Technical test Specification
18:17:14.855 ## Check Booking.com simple search
18:17:14.862 * Navigate to "http://www.booking.com"
18:17:23.301 * Set EN-US language with check hash
18:17:23.958 * Choose USD currency with title has "US$" as result
18:17:31.007 * Set destination to "New York City"
18:17:33.179 * Set Check-In date to " 3" of "September 2016"
18:17:39.299 * Set Check-Out date to " 7" of "September 2016"
18:17:49.994 * Choose Traveling for Work
18:17:50.452 * Set Rooms to "1"
18:17:51.069 * Set Adults to "1"
18:17:51.842 * Do search
18:17:54.488 * Check search for "New York City"
18:18:05.811 Plugin [Html Report] with pid [18978] has exited
18:18:06.113 Specifications:	1 executed	1 passed	0 failed	0 skipped
18:18:06.113 Scenarios:	1 executed	1 passed	0 failed	0 skipped
18:18:06.113 
Total time taken: 59.649s
18:35:11.520 Checking updates...
18:35:35.552 # Technical test Specification
18:35:35.561 ## Check Booking.com simple search
18:35:35.565 * Navigate to "http://www.booking.com"
18:35:45.005 * Set EN-US language with check hash
18:35:45.990 * Choose USD currency with title has "US$" as result
18:35:54.343 * Set destination to "New York City"
18:35:56.595 * Set Check-In date to " 3" of "September 2016"
18:36:02.032 * Set Check-Out date to " 7" of "September 2016"
18:36:18.690 * Choose Traveling for Work
18:36:19.106 * Set Rooms to "1"
18:36:19.566 * Set Adults to "1"
18:36:20.291 * Do search
18:36:31.026 * Check search for "New York City"
18:36:48.373 Plugin [Html Report] with pid [19925] has exited
18:36:48.675 Specifications:	1 executed	1 passed	0 failed	0 skipped
18:36:48.676 Scenarios:	1 executed	1 passed	0 failed	0 skipped
18:36:48.676 
Total time taken: 1m20.897s
18:39:35.094 Checking updates...
18:39:59.680 # Technical test Specification
18:39:59.691 ## Check Booking.com simple search
18:39:59.696 * Navigate to "http://www.booking.com"
18:40:09.201 * Set EN-US language with check hash
18:40:10.072 * Choose USD currency with title has "US$" as result
18:40:16.781 * Set destination to "New York City"
18:40:18.936 * Set Check-In date to " 3" of "September 2016"
18:40:24.398 * Set Check-Out date to " 7" of "September 2016"
18:40:34.464 * Choose Traveling for Work
18:40:34.869 * Set Rooms to "1"
18:40:35.243 * Set Adults to "1"
18:40:35.811 * Do search
18:40:48.773 * Check search for "New York City"
18:40:57.631 Plugin [Html Report] with pid [20420] has exited
18:40:57.933 Specifications:	1 executed	1 passed	0 failed	0 skipped
18:40:57.933 Scenarios:	1 executed	1 passed	0 failed	0 skipped
18:40:57.933 
Total time taken: 1m6.143s
18:50:59.439 Checking updates...
18:51:24.573 # Technical test Specification
18:51:24.582 ## Check Booking.com simple search
18:51:24.584 * Navigate to "http://www.booking.com"
18:51:31.909 * Set EN-US language with check hash
18:51:32.532 * Choose USD currency with title has "US$" as result
18:51:40.203 * Set destination to "New York City"
18:51:42.741 * Set Check-In date to " 3" of "September 2016"
18:51:47.753 * Set Check-Out date to " 7" of "September 2016"
18:51:58.421 * Choose Traveling for Work
18:51:59.050 * Set Rooms to "1"
18:51:59.689 * Set Adults to "1"
18:52:00.326 * Do search
18:52:02.779 * Check search for "New York City"
18:52:15.654 Plugin [Html Report] with pid [20961] has exited
18:52:16.056 Specifications:	1 executed	1 passed	0 failed	0 skipped
18:52:16.056 Scenarios:	1 executed	1 passed	0 failed	0 skipped
18:52:16.056 
Total time taken: 59.21s
19:00:45.233 Checking updates...
19:01:11.622 # Technical test Specification
19:01:11.626 ## Check Booking.com simple search
19:01:11.630 * Navigate to "http://www.booking.com"
19:01:18.418 * Set EN-US language with check hash
19:01:18.902 * Choose USD currency with title has "US$" as result
19:01:25.522 * Set destination to "New York City"
19:01:27.723 * Set Check-In date to " 3" of "September 2016"
19:01:33.284 * Set Check-Out date to " 7" of "September 2016"
19:01:43.550 * Choose Traveling for Work
19:01:43.939 * Set Rooms to "1"
19:01:44.310 * Set Adults to "1"
19:01:44.931 * Do search
19:01:47.513 * Check search for "New York City"
19:01:58.918 * Tear down step 1
19:02:01.174 Error Message: org.openqa.selenium.remote.SessionNotFoundException: no such session
  (Driver info: chromedriver=2.21.371461 (633e689b520b25f3e264a2ede6b74ccc23cb636a),platform=Linux 3.19.0-32-generic x86_64) (WARNING: The server did not provide any stacktrace information)
Command duration or timeout: 6 milliseconds
Build info: version: '2.48.2', revision: '41bccdd10cf2c0560f637404c2d96164b67d9d67', time: '2015-10-09 13:08:06'
System info: host: 'boq', ip: '127.0.1.1', os.name: 'Linux', os.arch: 'amd64', os.version: '3.19.0-32-generic', java.version: '1.8.0_91'
Driver info: org.openqa.selenium.chrome.ChromeDriver
Capabilities [{applicationCacheEnabled=false, rotatable=false, mobileEmulationEnabled=false, chrome={chromedriverVersion=2.21.371461 (633e689b520b25f3e264a2ede6b74ccc23cb636a), userDataDir=/tmp/.com.google.Chrome.5yKHWS}, takesHeapSnapshot=true, databaseEnabled=false, handlesAlerts=true, hasTouchScreen=false, version=50.0.2661.102, platform=LINUX, browserConnectionEnabled=false, nativeEvents=true, acceptSslCerts=true, locationContextEnabled=true, webStorageEnabled=true, browserName=chrome, takesScreenshot=true, javascriptEnabled=true, cssSelectorsEnabled=true}]
Session ID: b541bd0216de087fb87c6a28454710dc
19:02:01.174 Stacktrace: 
sun.reflect.NativeConstructorAccessorImpl.newInstance0(Native Method)
sun.reflect.NativeConstructorAccessorImpl.newInstance(NativeConstructorAccessorImpl.java:62)
sun.reflect.DelegatingConstructorAccessorImpl.newInstance(DelegatingConstructorAccessorImpl.java:45)
java.lang.reflect.Constructor.newInstance(Constructor.java:423)
org.openqa.selenium.remote.ErrorHandler.createThrowable(ErrorHandler.java:206)
org.openqa.selenium.remote.ErrorHandler.throwIfResponseFailed(ErrorHandler.java:164)
org.openqa.selenium.remote.RemoteWebDriver.execute(RemoteWebDriver.java:647)
org.openqa.selenium.remote.RemoteWebDriver.execute(RemoteWebDriver.java:670)
org.openqa.selenium.remote.RemoteWebDriver.close(RemoteWebDriver.java:511)
Driver.closeDriver(Driver.java:25)
sun.reflect.NativeMethodAccessorImpl.invoke0(Native Method)
sun.reflect.NativeMethodAccessorImpl.invoke(NativeMethodAccessorImpl.java:62)
sun.reflect.DelegatingMethodAccessorImpl.invoke(DelegatingMethodAccessorImpl.java:43)
java.lang.reflect.Method.invoke(Method.java:498)
com.thoughtworks.gauge.execution.MethodExecutor.execute(MethodExecutor.java:31)
com.thoughtworks.gauge.execution.HooksExecutor$TaggedHookExecutor.executeHook(HooksExecutor.java:98)
com.thoughtworks.gauge.execution.HooksExecutor$TaggedHookExecutor.execute(HooksExecutor.java:84)
com.thoughtworks.gauge.execution.HooksExecutor.execute(HooksExecutor.java:41)
com.thoughtworks.gauge.processor.MethodExecutionMessageProcessor.executeHooks(MethodExecutionMessageProcessor.java:55)
com.thoughtworks.gauge.processor.SuiteExecutionEndingProcessor.process(SuiteExecutionEndingProcessor.java:26)
com.thoughtworks.gauge.connection.MessageDispatcher.dispatchMessages(MessageDispatcher.java:72)
com.thoughtworks.gauge.GaugeRuntime.main(GaugeRuntime.java:37)
19:02:01.284 Plugin [Html Report] with pid [21518] has exited
19:02:01.586 Specifications:	1 executed	1 passed	0 failed	0 skipped
19:02:01.586 Scenarios:	1 executed	1 passed	0 failed	0 skipped
19:02:01.586 
Total time taken: 57.856s
19:08:28.156 Checking updates...
19:08:54.506 # Technical test Specification
19:08:54.511 ## Check Booking.com simple search
19:08:54.514 * Before step 1
19:08:54.590 * Navigate to "http://www.booking.com"
19:09:02.276 * Set EN-US language with check hash
19:09:03.034 * Choose USD currency with title has "US$" as result
19:09:09.725 * Set destination to "New York City"
19:09:11.774 * Set Check-In date to " 3" of "September 2016"
19:09:17.493 * Set Check-Out date to " 7" of "September 2016"
19:09:28.159 * Choose Traveling for Work
19:13:43.232 Checking updates...
19:14:21.981 # Technical test Specification
19:14:21.992 ## Check Booking.com simple search
19:14:22.000 * Before step 1
19:14:22.143 * Navigate to "http://www.booking.com"
19:14:35.506 * Set EN-US language with check hash
19:14:37.767 * Choose USD currency with title has "US$" as result
19:14:54.150 * Set destination to "New York City"
19:14:56.179 * Set Check-In date to " 3" of "September 2016"
19:15:01.473 * Set Check-Out date to " 7" of "September 2016"
19:15:11.664 * Choose Traveling for Work
19:15:12.087 * Set Rooms to "1"
19:15:12.438 * Set Adults to "1"
19:15:13.085 * Do search
19:15:15.540 * Check search for "New York City"
19:15:26.626 * Tear down step 1
19:15:27.033 Plugin [Html Report] with pid [22389] has exited
19:15:27.335 Specifications:	1 executed	1 passed	0 failed	0 skipped
19:15:27.336 Scenarios:	1 executed	1 passed	0 failed	0 skipped
19:15:27.336 
Total time taken: 1m22.206s
